<?xml version="1.0" encoding="UTF-8"?>
<!-- Generated by org.testng.reporters.JUnitXMLReporter -->
<testsuite hostname="Alphas-Macbook.local" name="TestNG tests" tests="4" failures="2" timestamp="16 Oct 2019 12:38:46 GMT" time="0.136" errors="0">
  <testcase name="testDecodingWith_26" time="0.012" classname="ch.unil.doplab.CaesarNGTest"/>
  <testcase name="testDecodingWith_7" time="0.002" classname="ch.unil.doplab.CaesarNGTest"/>
  <testcase name="testEncodingWitch_26" time="0.005" classname="ch.unil.doplab.CaesarNGTest">
    <failure type="java.lang.AssertionError" message="expected [Cowards die many times before their deaths] but found [not implemented yet]">
      <![CDATA[java.lang.AssertionError: expected [Cowards die many times before their deaths] but found [not implemented yet]
	at ch.unil.doplab.CaesarNGTest.testEncodingWitch_26(CaesarNGTest.java:78)
... Removed 28 stack frames]]>
    </failure>
  </testcase> <!-- testEncodingWitch_26 -->
  <testcase name="testEncodingWith_7" time="0.0" classname="ch.unil.doplab.CaesarNGTest">
    <failure type="java.lang.AssertionError" message="expected [Jvdhykz kpl thuf aptlz ilmvyl aolpy klhaoz] but found [not implemented yet]">
      <![CDATA[java.lang.AssertionError: expected [Jvdhykz kpl thuf aptlz ilmvyl aolpy klhaoz] but found [not implemented yet]
	at ch.unil.doplab.CaesarNGTest.testEncodingWith_7(CaesarNGTest.java:51)
... Removed 28 stack frames]]>
    </failure>
  </testcase> <!-- testEncodingWith_7 -->
</testsuite> <!-- TestNG tests -->
