<?xml version="1.0" encoding="UTF-8"?>
<testng-results skipped="0" failed="2" total="4" passed="2">
  <reporter-output>
  </reporter-output>
  <suite name="SimpleUnitTests" duration-ms="136" started-at="2019-10-16T12:38:45Z" finished-at="2019-10-16T12:38:45Z">
    <groups>
    </groups>
    <test name="TestNG tests" duration-ms="136" started-at="2019-10-16T12:38:45Z" finished-at="2019-10-16T12:38:45Z">
      <class name="ch.unil.doplab.CaesarNGTest">
        <test-method status="PASS" signature="setUpClass()[pri:0, instance:ch.unil.doplab.CaesarNGTest@3cd1f1c8]" name="setUpClass" is-config="true" duration-ms="38" started-at="2019-10-16T14:38:45Z" finished-at="2019-10-16T14:38:45Z">
          <reporter-output>
          </reporter-output>
        </test-method> <!-- setUpClass -->
        <test-method status="PASS" signature="setUpMethod()[pri:0, instance:ch.unil.doplab.CaesarNGTest@3cd1f1c8]" name="setUpMethod" is-config="true" duration-ms="3" started-at="2019-10-16T14:38:45Z" finished-at="2019-10-16T14:38:45Z">
          <reporter-output>
          </reporter-output>
        </test-method> <!-- setUpMethod -->
        <test-method status="PASS" signature="testDecodingWith_26()[pri:0, instance:ch.unil.doplab.CaesarNGTest@3cd1f1c8]" name="testDecodingWith_26" duration-ms="12" started-at="2019-10-16T14:38:45Z" finished-at="2019-10-16T14:38:45Z">
          <reporter-output>
          </reporter-output>
        </test-method> <!-- testDecodingWith_26 -->
        <test-method status="PASS" signature="tearDownMethod()[pri:0, instance:ch.unil.doplab.CaesarNGTest@3cd1f1c8]" name="tearDownMethod" is-config="true" duration-ms="2" started-at="2019-10-16T14:38:45Z" finished-at="2019-10-16T14:38:45Z">
          <reporter-output>
          </reporter-output>
        </test-method> <!-- tearDownMethod -->
        <test-method status="PASS" signature="setUpMethod()[pri:0, instance:ch.unil.doplab.CaesarNGTest@3cd1f1c8]" name="setUpMethod" is-config="true" duration-ms="2" started-at="2019-10-16T14:38:45Z" finished-at="2019-10-16T14:38:45Z">
          <reporter-output>
          </reporter-output>
        </test-method> <!-- setUpMethod -->
        <test-method status="PASS" signature="testDecodingWith_7()[pri:0, instance:ch.unil.doplab.CaesarNGTest@3cd1f1c8]" name="testDecodingWith_7" duration-ms="2" started-at="2019-10-16T14:38:45Z" finished-at="2019-10-16T14:38:45Z">
          <reporter-output>
          </reporter-output>
        </test-method> <!-- testDecodingWith_7 -->
        <test-method status="PASS" signature="tearDownMethod()[pri:0, instance:ch.unil.doplab.CaesarNGTest@3cd1f1c8]" name="tearDownMethod" is-config="true" duration-ms="2" started-at="2019-10-16T14:38:45Z" finished-at="2019-10-16T14:38:45Z">
          <reporter-output>
          </reporter-output>
        </test-method> <!-- tearDownMethod -->
        <test-method status="PASS" signature="setUpMethod()[pri:0, instance:ch.unil.doplab.CaesarNGTest@3cd1f1c8]" name="setUpMethod" is-config="true" duration-ms="5" started-at="2019-10-16T14:38:45Z" finished-at="2019-10-16T14:38:45Z">
          <reporter-output>
          </reporter-output>
        </test-method> <!-- setUpMethod -->
        <test-method status="FAIL" signature="testEncodingWitch_26()[pri:0, instance:ch.unil.doplab.CaesarNGTest@3cd1f1c8]" name="testEncodingWitch_26" duration-ms="5" started-at="2019-10-16T14:38:45Z" finished-at="2019-10-16T14:38:45Z">
          <exception class="java.lang.AssertionError">
            <message>
              <![CDATA[expected [Cowards die many times before their deaths] but found [not implemented yet]]]>
            </message>
            <full-stacktrace>
              <![CDATA[java.lang.AssertionError: expected [Cowards die many times before their deaths] but found [not implemented yet]
	at org.testng.Assert.fail(Assert.java:94)
	at org.testng.Assert.failNotEquals(Assert.java:494)
	at org.testng.Assert.assertEquals(Assert.java:123)
	at org.testng.Assert.assertEquals(Assert.java:176)
	at org.testng.Assert.assertEquals(Assert.java:186)
	at ch.unil.doplab.CaesarNGTest.testEncodingWitch_26(CaesarNGTest.java:78)
	at sun.reflect.NativeMethodAccessorImpl.invoke0(Native Method)
	at sun.reflect.NativeMethodAccessorImpl.invoke(NativeMethodAccessorImpl.java:62)
	at sun.reflect.DelegatingMethodAccessorImpl.invoke(DelegatingMethodAccessorImpl.java:43)
	at java.lang.reflect.Method.invoke(Method.java:498)
	at org.testng.internal.MethodInvocationHelper.invokeMethod(MethodInvocationHelper.java:84)
	at org.testng.internal.Invoker.invokeMethod(Invoker.java:714)
	at org.testng.internal.Invoker.invokeTestMethod(Invoker.java:901)
	at org.testng.internal.Invoker.invokeTestMethods(Invoker.java:1231)
	at org.testng.internal.TestMethodWorker.invokeTestMethods(TestMethodWorker.java:127)
	at org.testng.internal.TestMethodWorker.run(TestMethodWorker.java:111)
	at org.testng.TestRunner.privateRun(TestRunner.java:767)
	at org.testng.TestRunner.run(TestRunner.java:617)
	at org.testng.SuiteRunner.runTest(SuiteRunner.java:334)
	at org.testng.SuiteRunner.runSequentially(SuiteRunner.java:329)
	at org.testng.SuiteRunner.privateRun(SuiteRunner.java:291)
	at org.testng.SuiteRunner.run(SuiteRunner.java:240)
	at org.testng.SuiteRunnerWorker.runSuite(SuiteRunnerWorker.java:52)
	at org.testng.SuiteRunnerWorker.run(SuiteRunnerWorker.java:86)
	at org.testng.TestNG.runSuitesSequentially(TestNG.java:1224)
	at org.testng.TestNG.runSuitesLocally(TestNG.java:1149)
	at org.testng.TestNG.run(TestNG.java:1057)
	at org.testng.TestNG.privateMain(TestNG.java:1364)
	at org.testng.TestNG.main(TestNG.java:1333)
]]>
            </full-stacktrace>
          </exception> <!-- java.lang.AssertionError -->
          <reporter-output>
          </reporter-output>
        </test-method> <!-- testEncodingWitch_26 -->
        <test-method status="PASS" signature="tearDownMethod()[pri:0, instance:ch.unil.doplab.CaesarNGTest@3cd1f1c8]" name="tearDownMethod" is-config="true" duration-ms="1" started-at="2019-10-16T14:38:45Z" finished-at="2019-10-16T14:38:45Z">
          <reporter-output>
          </reporter-output>
        </test-method> <!-- tearDownMethod -->
        <test-method status="PASS" signature="setUpMethod()[pri:0, instance:ch.unil.doplab.CaesarNGTest@3cd1f1c8]" name="setUpMethod" is-config="true" duration-ms="1" started-at="2019-10-16T14:38:45Z" finished-at="2019-10-16T14:38:45Z">
          <reporter-output>
          </reporter-output>
        </test-method> <!-- setUpMethod -->
        <test-method status="FAIL" signature="testEncodingWith_7()[pri:0, instance:ch.unil.doplab.CaesarNGTest@3cd1f1c8]" name="testEncodingWith_7" duration-ms="0" started-at="2019-10-16T14:38:45Z" finished-at="2019-10-16T14:38:45Z">
          <exception class="java.lang.AssertionError">
            <message>
              <![CDATA[expected [Jvdhykz kpl thuf aptlz ilmvyl aolpy klhaoz] but found [not implemented yet]]]>
            </message>
            <full-stacktrace>
              <![CDATA[java.lang.AssertionError: expected [Jvdhykz kpl thuf aptlz ilmvyl aolpy klhaoz] but found [not implemented yet]
	at org.testng.Assert.fail(Assert.java:94)
	at org.testng.Assert.failNotEquals(Assert.java:494)
	at org.testng.Assert.assertEquals(Assert.java:123)
	at org.testng.Assert.assertEquals(Assert.java:176)
	at org.testng.Assert.assertEquals(Assert.java:186)
	at ch.unil.doplab.CaesarNGTest.testEncodingWith_7(CaesarNGTest.java:51)
	at sun.reflect.NativeMethodAccessorImpl.invoke0(Native Method)
	at sun.reflect.NativeMethodAccessorImpl.invoke(NativeMethodAccessorImpl.java:62)
	at sun.reflect.DelegatingMethodAccessorImpl.invoke(DelegatingMethodAccessorImpl.java:43)
	at java.lang.reflect.Method.invoke(Method.java:498)
	at org.testng.internal.MethodInvocationHelper.invokeMethod(MethodInvocationHelper.java:84)
	at org.testng.internal.Invoker.invokeMethod(Invoker.java:714)
	at org.testng.internal.Invoker.invokeTestMethod(Invoker.java:901)
	at org.testng.internal.Invoker.invokeTestMethods(Invoker.java:1231)
	at org.testng.internal.TestMethodWorker.invokeTestMethods(TestMethodWorker.java:127)
	at org.testng.internal.TestMethodWorker.run(TestMethodWorker.java:111)
	at org.testng.TestRunner.privateRun(TestRunner.java:767)
	at org.testng.TestRunner.run(TestRunner.java:617)
	at org.testng.SuiteRunner.runTest(SuiteRunner.java:334)
	at org.testng.SuiteRunner.runSequentially(SuiteRunner.java:329)
	at org.testng.SuiteRunner.privateRun(SuiteRunner.java:291)
	at org.testng.SuiteRunner.run(SuiteRunner.java:240)
	at org.testng.SuiteRunnerWorker.runSuite(SuiteRunnerWorker.java:52)
	at org.testng.SuiteRunnerWorker.run(SuiteRunnerWorker.java:86)
	at org.testng.TestNG.runSuitesSequentially(TestNG.java:1224)
	at org.testng.TestNG.runSuitesLocally(TestNG.java:1149)
	at org.testng.TestNG.run(TestNG.java:1057)
	at org.testng.TestNG.privateMain(TestNG.java:1364)
	at org.testng.TestNG.main(TestNG.java:1333)
]]>
            </full-stacktrace>
          </exception> <!-- java.lang.AssertionError -->
          <reporter-output>
          </reporter-output>
        </test-method> <!-- testEncodingWith_7 -->
        <test-method status="PASS" signature="tearDownMethod()[pri:0, instance:ch.unil.doplab.CaesarNGTest@3cd1f1c8]" name="tearDownMethod" is-config="true" duration-ms="3" started-at="2019-10-16T14:38:45Z" finished-at="2019-10-16T14:38:45Z">
          <reporter-output>
          </reporter-output>
        </test-method> <!-- tearDownMethod -->
        <test-method status="PASS" signature="tearDownClass()[pri:0, instance:ch.unil.doplab.CaesarNGTest@3cd1f1c8]" name="tearDownClass" is-config="true" duration-ms="1" started-at="2019-10-16T14:38:45Z" finished-at="2019-10-16T14:38:45Z">
          <reporter-output>
          </reporter-output>
        </test-method> <!-- tearDownClass -->
      </class> <!-- ch.unil.doplab.CaesarNGTest -->
    </test> <!-- TestNG tests -->
  </suite> <!-- SimpleUnitTests -->
</testng-results>
